Removed Pin From Net: NetName=NetC26_2 Pin=U2-1
Removed Pin From Net: NetName=NetR27_2 Pin=U2-2
Removed Pin From Net: NetName=NetC17_2 Pin=U2-3
Removed Pin From Net: NetName=opamp1gnd Pin=U2-4
Removed Pin From Net: NetName=NetC18_2 Pin=U2-5
Removed Pin From Net: NetName=NetC27_1 Pin=U2-6
Removed Pin From Net: NetName=NetC27_2 Pin=U2-7
Removed Pin From Net: NetName=NetC28_2 Pin=U2-8
Removed Pin From Net: NetName=NetR28_2 Pin=U2-9
Removed Pin From Net: NetName=NetC19_2 Pin=U2-10
Removed Pin From Net: NetName=opamp1vcc Pin=U2-11
Removed Member From Class: ClassName=U_schema Member=U2
Change Component Designator: OldDesignator=2 NewDesignator=U2
Change Component Designator: OldDesignator=R? NewDesignator=R141
Change Component Designator: OldDesignator=U? NewDesignator=U9
Change Component Designator: OldDesignator=VR? NewDesignator=VR23
Added Pin To Net: NetName=NetC26_2 Pin=U2-1
Added Pin To Net: NetName=NetR27_2 Pin=U2-2
Added Pin To Net: NetName=NetC17_2 Pin=U2-3
Added Pin To Net: NetName=NetC18_2 Pin=U2-5
Added Pin To Net: NetName=NetC27_1 Pin=U2-6
Added Pin To Net: NetName=NetC27_2 Pin=U2-7
Added Pin To Net: NetName=NetC28_2 Pin=U2-8
Added Pin To Net: NetName=NetR28_2 Pin=U2-9
Added Pin To Net: NetName=NetC19_2 Pin=U2-10
Change Net Name : Old Net Name=Net2_12 New Net Name=NetC20_2
Change Net Name : Old Net Name=Net2_13 New Net Name=NetC29_1
Change Net Name : Old Net Name=Net2_14 New Net Name=NetC29_2
Change Net Name : Old Net Name=opamp1gnd New Net Name=opamp5gnd
Change Net Name : Old Net Name=opamp1vcc New Net Name=opamp5vcc
Added Pin To Net: NetName=Unused_parts_COMMON2 Pin=U7-12
Added Pin To Net: NetName=Unused_parts_COMMON2 Pin=U7-13
Added Pin To Net: NetName=Unused_parts_COMMON2 Pin=U7-14
Added Net: Name=Unused_parts_COMMON2
Added Pin To Net: NetName=Unused_parts_COMMON Pin=U7-8
Added Pin To Net: NetName=Unused_parts_COMMON Pin=U7-9
Added Pin To Net: NetName=Unused_parts_COMMON Pin=U7-10
Added Net: Name=Unused_parts_COMMON
